<?xml version="1.0" encoding="UTF-8"?>
<testng-results ignored="0" total="1" passed="1" failed="0" skipped="0">
  <reporter-output>
  </reporter-output>
  <suite started-at="2021-04-12T17:39:45 IST" name="Default suite" finished-at="2021-04-12T17:40:09 IST" duration-ms="23849">
    <groups>
    </groups>
    <test started-at="2021-04-12T17:39:45 IST" name="Default test" finished-at="2021-04-12T17:40:09 IST" duration-ms="23849">
      <class name="Sam_Samayik.scripts.TestPurchase">
        <test-method signature="shopOurBook()[pri:0, instance:Sam_Samayik.scripts.TestPurchase@46fa7c39]" started-at="2021-04-12T17:39:45 IST" name="shopOurBook" finished-at="2021-04-12T17:40:09 IST" duration-ms="23806" status="PASS">
          <reporter-output>
          </reporter-output>
        </test-method> <!-- shopOurBook -->
      </class> <!-- Sam_Samayik.scripts.TestPurchase -->
    </test> <!-- Default test -->
  </suite> <!-- Default suite -->
</testng-results>
